#
# A fatal error has been detected by the Java Runtime Environment:
#
#  EXCEPTION_ACCESS_VIOLATION (0xc0000005) at pc=0x00000000637060d3, pid=804, tid=0x00000000000014b4
#
# JRE version: Java(TM) SE Runtime Environment (8.0_101-b13) (build 1.8.0_101-b13)
# Java VM: Java HotSpot(TM) 64-Bit Server VM (25.101-b13 mixed mode windows-amd64 compressed oops)
# Problematic frame:
# V  [jvm.dll+0x1260d3]
#
# Failed to write core dump. Minidumps are not enabled by default on client versions of Windows
#
# If you would like to submit a bug report, please visit:
#   http://bugreport.java.com/bugreport/crash.jsp
#

---------------  T H R E A D  ---------------

Current thread (0x0000000014647800):  VMThread [stack: 0x00000000156f0000,0x00000000157f0000] [id=5300]

siginfo: ExceptionCode=0xc0000005, reading address 0x00000000000000a8

Registers:
RAX=0x0000000063c33038, RBX=0x0000000000000040, RCX=0x00000001000636b8, RDX=0x0000000019e277e0
RSP=0x00000000157ef050, RBP=0x00000000157ef0c0, RSI=0x000000010004d718, RDI=0x0000000063db2b80
R8 =0x000000000000002e, R9 =0x0000000019e277e0, R10=0x00000000000001fe, R11=0x00000000157eefe8
R12=0x0000000000000001, R13=0x0000000000000000, R14=0x0000000063be3aa0, R15=0x0000000063db2ab0
RIP=0x00000000637060d3, EFLAGS=0x0000000000010202

Top of Stack: (sp=0x00000000157ef050)
0x00000000157ef050:   000000010004d718 0000000000000004
0x00000000157ef060:   0000000000000000 000000006364703d
0x00000000157ef070:   0000000063be3aa0 00000000000001fe
0x00000000157ef080:   ffffffffffffff00 0000000000000004
0x00000000157ef090:   00000000000000e8 0000000000000000
0x00000000157ef0a0:   0000000000000000 0000000019e277e0
0x00000000157ef0b0:   0000000000000000 0000000001fa67c0
0x00000000157ef0c0:   0000000063db2b20 0000000000000000
0x00000000157ef0d0:   00000000157ef1e0 00000000639de04f
0x00000000157ef0e0:   0000000014555420 0000000000000004
0x00000000157ef0f0:   0000000000000000 0000000063c32f30
0x00000000157ef100:   0000000063db2ab0 0000000000000004
0x00000000157ef110:   0000000063db2ab0 0000000000000004
0x00000000157ef120:   0000000000000000 00000000000000d5
0x00000000157ef130:   000000000000009d 0000000000000004
0x00000000157ef140:   0000000063c31e78 0000000001f0c3c0 

Instructions: (pc=0x00000000637060d3)
0x00000000637060b3:   eb 0b 48 ff c8 48 89 45 d0 48 8b 34 c2 48 8b 5e
0x00000000637060c3:   78 48 85 db 74 23 0f 1f 80 00 00 00 00 48 8b 07
0x00000000637060d3:   48 8b 53 68 48 8b cf ff 10 84 c0 75 0c 48 8b 9b
0x00000000637060e3:   80 00 00 00 48 85 db 75 e4 48 89 5e 78 48 85 db 


Register to memory mapping:

RAX=0x0000000063c33038 is an unknown value
RBX=0x0000000000000040 is an unknown value
RCX=0x00000001000636b8 is pointing into metadata
RDX=0x0000000019e277e0 is an unknown value
RSP=0x00000000157ef050 is an unknown value
RBP=0x00000000157ef0c0 is an unknown value
RSI=0x000000010004d718 is pointing into metadata
RDI=0x0000000063db2b80 is an unknown value
R8 =0x000000000000002e is an unknown value
R9 =0x0000000019e277e0 is an unknown value
R10=0x00000000000001fe is an unknown value
R11=0x00000000157eefe8 is an unknown value
R12=0x0000000000000001 is an unknown value
R13=0x0000000000000000 is an unknown value
R14=0x0000000063be3aa0 is an unknown value
R15=0x0000000063db2ab0 is an unknown value


Stack: [0x00000000156f0000,0x00000000157f0000],  sp=0x00000000157ef050,  free space=1020k
Native frames: (J=compiled Java code, j=interpreted, Vv=VM code, C=native code)
V  [jvm.dll+0x1260d3]
V  [jvm.dll+0x3fe04f]
V  [jvm.dll+0x3ff39a]
V  [jvm.dll+0x3ff9bb]
V  [jvm.dll+0xaf9a5]
V  [jvm.dll+0x290a1c]
V  [jvm.dll+0x24b777]
V  [jvm.dll+0x24aa16]
V  [jvm.dll+0x24aeb1]
V  [jvm.dll+0x24b0ce]
V  [jvm.dll+0x29c18a]
C  [msvcr100.dll+0x21d9f]
C  [msvcr100.dll+0x21e3b]
C  [KERNEL32.DLL+0x13d2]
C  [ntdll.dll+0x154f4]

VM_Operation (0x0000000018c87a50): CollectForMetadataAllocation, mode: safepoint, requested by thread 0x0000000017625000


---------------  P R O C E S S  ---------------

Java Threads: ( => current thread )
  0x0000000017c6f000 JavaThread "Cache worker for file hash cache (C:\Users\Kuba\workspace\TO2\tg2\TurtleGame\.gradle\4.0\fileHashes)" [_thread_blocked, id=4152, stack(0x000000001a260000,0x000000001a360000)]
  0x0000000017c70800 JavaThread "File lock request listener" [_thread_in_native, id=5248, stack(0x0000000018f90000,0x0000000019090000)]
  0x0000000017624000 JavaThread "Cache worker for file hash cache (C:\Users\Kuba\.gradle\caches\4.0\fileHashes)" [_thread_blocked, id=5964, stack(0x0000000018e90000,0x0000000018f90000)]
  0x0000000017625800 JavaThread "Stdin handler" [_thread_blocked, id=4916, stack(0x0000000018d90000,0x0000000018e90000)]
  0x0000000017622000 JavaThread "Asynchronous log dispatcher for DefaultDaemonConnection: socket connection from /127.0.0.1:49413 to /127.0.0.1:49414" [_thread_blocked, id=1504, stack(0x0000000018c90000,0x0000000018d90000)]
  0x0000000017625000 JavaThread "Daemon worker" [_thread_blocked, id=3360, stack(0x0000000018b90000,0x0000000018c90000)]
  0x0000000017621000 JavaThread "Cancel handler" [_thread_blocked, id=5188, stack(0x0000000018a90000,0x0000000018b90000)]
  0x0000000017620800 JavaThread "Handler for socket connection from /127.0.0.1:49413 to /127.0.0.1:49414" [_thread_in_native, id=1884, stack(0x0000000018790000,0x0000000018890000)]
  0x0000000017623800 JavaThread "Daemon" [_thread_blocked, id=1216, stack(0x0000000018690000,0x0000000018790000)]
  0x0000000017622800 JavaThread "Daemon periodic checks" [_thread_blocked, id=3760, stack(0x0000000018590000,0x0000000018690000)]
  0x000000001761f000 JavaThread "Incoming local TCP Connector on port 49413" [_thread_in_native, id=1536, stack(0x0000000018390000,0x0000000018490000)]
  0x000000001761f800 JavaThread "Daemon health stats" [_thread_blocked, id=5872, stack(0x0000000018290000,0x0000000018390000)]
  0x0000000015f02000 JavaThread "Service Thread" daemon [_thread_blocked, id=3780, stack(0x00000000163e0000,0x00000000164e0000)]
  0x0000000015ee8800 JavaThread "C1 CompilerThread2" daemon [_thread_blocked, id=3680, stack(0x00000000162e0000,0x00000000163e0000)]
  0x0000000014683800 JavaThread "C2 CompilerThread1" daemon [_thread_blocked, id=2828, stack(0x0000000015de0000,0x0000000015ee0000)]
  0x0000000014681800 JavaThread "C2 CompilerThread0" daemon [_thread_blocked, id=1272, stack(0x0000000015ce0000,0x0000000015de0000)]
  0x000000001467e800 JavaThread "Attach Listener" daemon [_thread_blocked, id=5408, stack(0x0000000015be0000,0x0000000015ce0000)]
  0x000000001467d000 JavaThread "Signal Dispatcher" daemon [_thread_blocked, id=1516, stack(0x0000000015ae0000,0x0000000015be0000)]
  0x000000001466a800 JavaThread "Finalizer" daemon [_thread_blocked, id=4592, stack(0x00000000158f0000,0x00000000159f0000)]
  0x0000000001f11000 JavaThread "Reference Handler" daemon [_thread_blocked, id=4304, stack(0x00000000157f0000,0x00000000158f0000)]
  0x0000000001fae800 JavaThread "main" [_thread_blocked, id=5136, stack(0x0000000001d10000,0x0000000001e10000)]

Other Threads:
=>0x0000000014647800 VMThread [stack: 0x00000000156f0000,0x00000000157f0000] [id=5300]
  0x0000000015f2f800 WatcherThread [stack: 0x00000000164e0000,0x00000000165e0000] [id=1156]

VM state:at safepoint (normal execution)

VM Mutex/Monitor currently owned by a thread:  ([mutex/lock_event])
[0x0000000001fad950] Threads_lock - owner thread: 0x0000000014647800
[0x0000000001fad450] Heap_lock - owner thread: 0x0000000017625000

Heap:
 PSYoungGen      total 71680K, used 5112K [0x00000000eab00000, 0x00000000ef600000, 0x0000000100000000)
  eden space 66560K, 0% used [0x00000000eab00000,0x00000000eab00000,0x00000000eec00000)
  from space 5120K, 99% used [0x00000000ef100000,0x00000000ef5fe0e0,0x00000000ef600000)
  to   space 5120K, 0% used [0x00000000eec00000,0x00000000eec00000,0x00000000ef100000)
 ParOldGen       total 87552K, used 8447K [0x00000000c0000000, 0x00000000c5580000, 0x00000000eab00000)
  object space 87552K, 9% used [0x00000000c0000000,0x00000000c083fe58,0x00000000c5580000)
 Metaspace       used 20759K, capacity 21172K, committed 21296K, reserved 1067008K
  class space    used 2913K, capacity 3074K, committed 3120K, reserved 1048576K

Card table byte_map: [0x0000000011370000,0x0000000011580000] byte_map_base: 0x0000000010d70000

Marking Bits: (ParMarkBitMap*) 0x0000000063dfa6d0
 Begin Bits: [0x0000000011ae0000, 0x0000000012ae0000)
 End Bits:   [0x0000000012ae0000, 0x0000000013ae0000)

Polling page: 0x0000000000480000

CodeCache: size=245760Kb used=6236Kb max_used=6236Kb free=239523Kb
 bounds [0x0000000001fb0000, 0x00000000025d0000, 0x0000000010fb0000]
 total_blobs=2196 nmethods=1806 adapters=302
 compilation: enabled

Compilation events (10 events):
Event: 8.519 Thread 0x0000000015ee8800 1804       3       java.util.regex.Matcher::replaceAll (59 bytes)
Event: 8.520 Thread 0x0000000015ee8800 nmethod 1804 0x00000000025c6c50 code [0x00000000025c6e60, 0x00000000025c7c78]
Event: 8.520 Thread 0x0000000015ee8800 1806       3       org.objectweb.asm.ClassReader::a (194 bytes)
Event: 8.521 Thread 0x0000000015ee8800 nmethod 1806 0x00000000025c6310 code [0x00000000025c64a0, 0x00000000025c6948]
Event: 8.521 Thread 0x0000000015ee8800 1805       3       java.util.regex.Pattern$BnM::match (161 bytes)
Event: 8.522 Thread 0x0000000015ee8800 nmethod 1805 0x00000000025c8610 code [0x00000000025c87e0, 0x00000000025c8f58]
Event: 8.522 Thread 0x0000000015ee8800 1807       3       java.util.regex.Pattern::expr (142 bytes)
Event: 8.523 Thread 0x0000000015ee8800 nmethod 1807 0x00000000025c9490 code [0x00000000025c96c0, 0x00000000025ca2e8]
Event: 8.523 Thread 0x0000000015ee8800 1803       3       java.lang.String::replaceAll (13 bytes)
Event: 8.523 Thread 0x0000000015ee8800 nmethod 1803 0x00000000025c5c50 code [0x00000000025c5de0, 0x00000000025c61a8]

GC Heap History (9 events):
Event: 1.035 GC heap before
{Heap before GC invocations=1 (full 0):
 PSYoungGen      total 38400K, used 33280K [0x00000000eab00000, 0x00000000ed580000, 0x0000000100000000)
  eden space 33280K, 100% used [0x00000000eab00000,0x00000000ecb80000,0x00000000ecb80000)
  from space 5120K, 0% used [0x00000000ed080000,0x00000000ed080000,0x00000000ed580000)
  to   space 5120K, 0% used [0x00000000ecb80000,0x00000000ecb80000,0x00000000ed080000)
 ParOldGen       total 87552K, used 0K [0x00000000c0000000, 0x00000000c5580000, 0x00000000eab00000)
  object space 87552K, 0% used [0x00000000c0000000,0x00000000c0000000,0x00000000c5580000)
 Metaspace       used 6866K, capacity 7034K, committed 7168K, reserved 1056768K
  class space    used 858K, capacity 943K, committed 1024K, reserved 1048576K
Event: 1.048 GC heap after
Heap after GC invocations=1 (full 0):
 PSYoungGen      total 38400K, used 4469K [0x00000000eab00000, 0x00000000ef600000, 0x0000000100000000)
  eden space 33280K, 0% used [0x00000000eab00000,0x00000000eab00000,0x00000000ecb80000)
  from space 5120K, 87% used [0x00000000ecb80000,0x00000000ecfdd650,0x00000000ed080000)
  to   space 5120K, 0% used [0x00000000ef100000,0x00000000ef100000,0x00000000ef600000)
 ParOldGen       total 87552K, used 8K [0x00000000c0000000, 0x00000000c5580000, 0x00000000eab00000)
  object space 87552K, 0% used [0x00000000c0000000,0x00000000c0002000,0x00000000c5580000)
 Metaspace       used 6866K, capacity 7034K, committed 7168K, reserved 1056768K
  class space    used 858K, capacity 943K, committed 1024K, reserved 1048576K
}
Event: 2.362 GC heap before
{Heap before GC invocations=2 (full 0):
 PSYoungGen      total 38400K, used 37749K [0x00000000eab00000, 0x00000000ef600000, 0x0000000100000000)
  eden space 33280K, 100% used [0x00000000eab00000,0x00000000ecb80000,0x00000000ecb80000)
  from space 5120K, 87% used [0x00000000ecb80000,0x00000000ecfdd650,0x00000000ed080000)
  to   space 5120K, 0% used [0x00000000ef100000,0x00000000ef100000,0x00000000ef600000)
 ParOldGen       total 87552K, used 8K [0x00000000c0000000, 0x00000000c5580000, 0x00000000eab00000)
  object space 87552K, 0% used [0x00000000c0000000,0x00000000c0002000,0x00000000c5580000)
 Metaspace       used 12310K, capacity 12682K, committed 12928K, reserved 1060864K
  class space    used 1709K, capacity 1833K, committed 1920K, reserved 1048576K
Event: 2.370 GC heap after
Heap after GC invocations=2 (full 0):
 PSYoungGen      total 38400K, used 5103K [0x00000000eab00000, 0x00000000ef600000, 0x0000000100000000)
  eden space 33280K, 0% used [0x00000000eab00000,0x00000000eab00000,0x00000000ecb80000)
  from space 5120K, 99% used [0x00000000ef100000,0x00000000ef5fbe20,0x00000000ef600000)
  to   space 5120K, 0% used [0x00000000ecb80000,0x00000000ecb80000,0x00000000ed080000)
 ParOldGen       total 87552K, used 987K [0x00000000c0000000, 0x00000000c5580000, 0x00000000eab00000)
  object space 87552K, 1% used [0x00000000c0000000,0x00000000c00f6cc8,0x00000000c5580000)
 Metaspace       used 12310K, capacity 12682K, committed 12928K, reserved 1060864K
  class space    used 1709K, capacity 1833K, committed 1920K, reserved 1048576K
}
Event: 3.038 GC heap before
{Heap before GC invocations=3 (full 0):
 PSYoungGen      total 38400K, used 38383K [0x00000000eab00000, 0x00000000ef600000, 0x0000000100000000)
  eden space 33280K, 100% used [0x00000000eab00000,0x00000000ecb80000,0x00000000ecb80000)
  from space 5120K, 99% used [0x00000000ef100000,0x00000000ef5fbe20,0x00000000ef600000)
  to   space 5120K, 0% used [0x00000000ecb80000,0x00000000ecb80000,0x00000000ed080000)
 ParOldGen       total 87552K, used 987K [0x00000000c0000000, 0x00000000c5580000, 0x00000000eab00000)
  object space 87552K, 1% used [0x00000000c0000000,0x00000000c00f6cc8,0x00000000c5580000)
 Metaspace       used 15872K, capacity 16238K, committed 16384K, reserved 1062912K
  class space    used 2298K, capacity 2443K, committed 2560K, reserved 1048576K
Event: 3.053 GC heap after
Heap after GC invocations=3 (full 0):
 PSYoungGen      total 38400K, used 5094K [0x00000000eab00000, 0x00000000ef600000, 0x0000000100000000)
  eden space 33280K, 0% used [0x00000000eab00000,0x00000000eab00000,0x00000000ecb80000)
  from space 5120K, 99% used [0x00000000ecb80000,0x00000000ed0799f0,0x00000000ed080000)
  to   space 5120K, 0% used [0x00000000ef100000,0x00000000ef100000,0x00000000ef600000)
 ParOldGen       total 87552K, used 3914K [0x00000000c0000000, 0x00000000c5580000, 0x00000000eab00000)
  object space 87552K, 4% used [0x00000000c0000000,0x00000000c03d2bc0,0x00000000c5580000)
 Metaspace       used 15872K, capacity 16238K, committed 16384K, reserved 1062912K
  class space    used 2298K, capacity 2443K, committed 2560K, reserved 1048576K
}
Event: 8.572 GC heap before
{Heap before GC invocations=4 (full 0):
 PSYoungGen      total 38400K, used 38248K [0x00000000eab00000, 0x00000000ef600000, 0x0000000100000000)
  eden space 33280K, 99% used [0x00000000eab00000,0x00000000ecb60910,0x00000000ecb80000)
  from space 5120K, 99% used [0x00000000ecb80000,0x00000000ed0799f0,0x00000000ed080000)
  to   space 5120K, 0% used [0x00000000ef100000,0x00000000ef100000,0x00000000ef600000)
 ParOldGen       total 87552K, used 3914K [0x00000000c0000000, 0x00000000c5580000, 0x00000000eab00000)
  object space 87552K, 4% used [0x00000000c0000000,0x00000000c03d2bc0,0x00000000c5580000)
 Metaspace       used 20759K, capacity 21172K, committed 21296K, reserved 1067008K
  class space    used 2913K, capacity 3074K, committed 3120K, reserved 1048576K
Event: 8.585 GC heap after
Heap after GC invocations=4 (full 0):
 PSYoungGen      total 71680K, used 5112K [0x00000000eab00000, 0x00000000ef600000, 0x0000000100000000)
  eden space 66560K, 0% used [0x00000000eab00000,0x00000000eab00000,0x00000000eec00000)
  from space 5120K, 99% used [0x00000000ef100000,0x00000000ef5fe0e0,0x00000000ef600000)
  to   space 5120K, 0% used [0x00000000eec00000,0x00000000eec00000,0x00000000ef100000)
 ParOldGen       total 87552K, used 8447K [0x00000000c0000000, 0x00000000c5580000, 0x00000000eab00000)
  object space 87552K, 9% used [0x00000000c0000000,0x00000000c083fe58,0x00000000c5580000)
 Metaspace       used 20759K, capacity 21172K, committed 21296K, reserved 1067008K
  class space    used 2913K, capacity 3074K, committed 3120K, reserved 1048576K
}
Event: 8.585 GC heap before
{Heap before GC invocations=5 (full 1):
 PSYoungGen      total 71680K, used 5112K [0x00000000eab00000, 0x00000000ef600000, 0x0000000100000000)
  eden space 66560K, 0% used [0x00000000eab00000,0x00000000eab00000,0x00000000eec00000)
  from space 5120K, 99% used [0x00000000ef100000,0x00000000ef5fe0e0,0x00000000ef600000)
  to   space 5120K, 0% used [0x00000000eec00000,0x00000000eec00000,0x00000000ef100000)
 ParOldGen       total 87552K, used 8447K [0x00000000c0000000, 0x00000000c5580000, 0x00000000eab00000)
  object space 87552K, 9% used [0x00000000c0000000,0x00000000c083fe58,0x00000000c5580000)
 Metaspace       used 20759K, capacity 21172K, committed 21296K, reserved 1067008K
  class space    used 2913K, capacity 3074K, committed 3120K, reserved 1048576K

Deoptimization events (10 events):
Event: 4.501 Thread 0x0000000017625000 Uncommon trap: reason=bimorphic action=maybe_recompile pc=0x000000000249e5cc method=java.lang.ClassLoader.getPackage(Ljava/lang/String;)Ljava/lang/Package; @ 47
Event: 6.257 Thread 0x0000000017625000 Uncommon trap: reason=bimorphic action=maybe_recompile pc=0x000000000249e5cc method=java.lang.ClassLoader.getPackage(Ljava/lang/String;)Ljava/lang/Package; @ 47
Event: 6.258 Thread 0x0000000017625000 Uncommon trap: reason=bimorphic action=maybe_recompile pc=0x00000000024cb8d8 method=java.lang.ClassLoader.getPackage(Ljava/lang/String;)Ljava/lang/Package; @ 47
Event: 7.727 Thread 0x0000000017625000 Uncommon trap: reason=unstable_if action=reinterpret pc=0x000000000226e014 method=java.lang.AbstractStringBuilder.append(Ljava/lang/String;)Ljava/lang/AbstractStringBuilder; @ 1
Event: 7.727 Thread 0x0000000017625000 Uncommon trap: reason=unstable_if action=reinterpret pc=0x00000000021bfeec method=java.lang.AbstractStringBuilder.append(Ljava/lang/String;)Ljava/lang/AbstractStringBuilder; @ 1
Event: 8.174 Thread 0x0000000017625000 Uncommon trap: reason=unstable_if action=reinterpret pc=0x000000000230ceb0 method=java.util.LinkedHashMap.afterNodeInsertion(Z)V @ 1
Event: 8.506 Thread 0x0000000017625000 Uncommon trap: reason=class_check action=maybe_recompile pc=0x000000000217d5e8 method=java.lang.String.equals(Ljava/lang/Object;)Z @ 8
Event: 8.506 Thread 0x0000000017625000 Uncommon trap: reason=class_check action=maybe_recompile pc=0x000000000217d5e8 method=java.lang.String.equals(Ljava/lang/Object;)Z @ 8
Event: 8.506 Thread 0x0000000017625000 Uncommon trap: reason=class_check action=maybe_recompile pc=0x000000000217d5e8 method=java.lang.String.equals(Ljava/lang/Object;)Z @ 8
Event: 8.506 Thread 0x0000000017625000 Uncommon trap: reason=class_check action=maybe_recompile pc=0x000000000217d5e8 method=java.lang.String.equals(Ljava/lang/Object;)Z @ 8

Internal exceptions (10 events):
Event: 7.493 Thread 0x0000000017625000 Exception <a 'java/lang/NoSuchMethodError': <clinit>> (0x00000000eb0abf38) thrown at [C:\re\workspace\8-2-build-windows-amd64-cygwin\jdk8u101\7261\hotspot\src\share\vm\prims\jni.cpp, line 1613]
Event: 7.494 Thread 0x0000000017625000 Exception <a 'java/lang/NoSuchMethodError': <clinit>> (0x00000000eb0ba670) thrown at [C:\re\workspace\8-2-build-windows-amd64-cygwin\jdk8u101\7261\hotspot\src\share\vm\prims\jni.cpp, line 1613]
Event: 7.495 Thread 0x0000000017625000 Exception <a 'java/lang/NoSuchMethodError': <clinit>> (0x00000000eb0beee8) thrown at [C:\re\workspace\8-2-build-windows-amd64-cygwin\jdk8u101\7261\hotspot\src\share\vm\prims\jni.cpp, line 1613]
Event: 7.496 Thread 0x0000000017625000 Exception <a 'java/lang/NoSuchMethodError': <clinit>> (0x00000000eb0c8d40) thrown at [C:\re\workspace\8-2-build-windows-amd64-cygwin\jdk8u101\7261\hotspot\src\share\vm\prims\jni.cpp, line 1613]
Event: 7.497 Thread 0x0000000017625000 Exception <a 'java/lang/NoSuchMethodError': <clinit>> (0x00000000eb0d58e8) thrown at [C:\re\workspace\8-2-build-windows-amd64-cygwin\jdk8u101\7261\hotspot\src\share\vm\prims\jni.cpp, line 1613]
Event: 7.507 Thread 0x0000000017625000 Exception <a 'java/lang/NoSuchMethodError': <clinit>> (0x00000000eb124ac0) thrown at [C:\re\workspace\8-2-build-windows-amd64-cygwin\jdk8u101\7261\hotspot\src\share\vm\prims\jni.cpp, line 1613]
Event: 7.507 Thread 0x0000000017625000 Exception <a 'java/lang/NoSuchMethodError': <clinit>> (0x00000000eb128780) thrown at [C:\re\workspace\8-2-build-windows-amd64-cygwin\jdk8u101\7261\hotspot\src\share\vm\prims\jni.cpp, line 1613]
Event: 7.507 Thread 0x0000000017625000 Exception <a 'java/lang/NoSuchMethodError': <clinit>> (0x00000000eb12a288) thrown at [C:\re\workspace\8-2-build-windows-amd64-cygwin\jdk8u101\7261\hotspot\src\share\vm\prims\jni.cpp, line 1613]
Event: 7.727 Thread 0x0000000017625000 Implicit null exception at 0x000000000226dc94 to 0x000000000226dffd
Event: 7.727 Thread 0x0000000017625000 Implicit null exception at 0x00000000021bfb96 to 0x00000000021bfed5

Events (10 events):
Event: 8.570 loading class com/google/common/collect/NullsLastOrdering done
Event: 8.571 loading class com/google/common/collect/NullsFirstOrdering
Event: 8.571 loading class com/google/common/collect/NullsFirstOrdering done
Event: 8.571 loading class com/google/common/collect/ReverseOrdering
Event: 8.571 loading class com/google/common/collect/ReverseOrdering done
Event: 8.572 loading class com/google/common/collect/AbstractMultiset$EntrySet
Event: 8.572 loading class com/google/common/collect/AbstractMultiset$EntrySet done
Event: 8.572 loading class com/google/common/collect/Multisets$EntrySet
Event: 8.572 loading class com/google/common/collect/Multisets$EntrySet done
Event: 8.572 Executing VM operation: CollectForMetadataAllocation


Dynamic libraries:
0x00007ff7f5f60000 - 0x00007ff7f5f97000 	C:\Program Files\Java\jdk1.8.0_101\bin\java.exe
0x00007ff813140000 - 0x00007ff8132ed000 	C:\Windows\SYSTEM32\ntdll.dll
0x00007ff813000000 - 0x00007ff81313e000 	C:\Windows\system32\KERNEL32.DLL
0x00007ff8106b0000 - 0x00007ff8107c6000 	C:\Windows\system32\KERNELBASE.dll
0x00007ff80eb20000 - 0x00007ff80ebae000 	C:\Windows\system32\apphelp.dll
0x00007ffff5fd0000 - 0x00007ffff6024000 	C:\Windows\AppPatch\AppPatch64\AcGenral.DLL
0x00007ff810ca0000 - 0x00007ff810d4a000 	C:\Windows\system32\msvcrt.dll
0x00007ff810520000 - 0x00007ff81054e000 	C:\Windows\system32\SspiCli.dll
0x00007ff812aa0000 - 0x00007ff812af4000 	C:\Windows\system32\SHLWAPI.dll
0x00007ff8109e0000 - 0x00007ff810b57000 	C:\Windows\system32\USER32.dll
0x00007ff8122a0000 - 0x00007ff812434000 	C:\Windows\system32\ole32.dll
0x00007ff810d70000 - 0x00007ff81229b000 	C:\Windows\system32\SHELL32.dll
0x00007ff80f790000 - 0x00007ff80f7b1000 	C:\Windows\SYSTEM32\USERENV.dll
0x00007ff812990000 - 0x00007ff812a3a000 	C:\Windows\system32\ADVAPI32.dll
0x00007ff807c40000 - 0x00007ff807c5e000 	C:\Windows\SYSTEM32\MPR.dll
0x00007ff812440000 - 0x00007ff812580000 	C:\Windows\system32\RPCRT4.dll
0x00007ff812b70000 - 0x00007ff812bc9000 	C:\Windows\SYSTEM32\sechost.dll
0x00007ff8107d0000 - 0x00007ff8109e0000 	C:\Windows\SYSTEM32\combase.dll
0x00007ff812eb0000 - 0x00007ff812ffc000 	C:\Windows\system32\GDI32.dll
0x00007ff810260000 - 0x00007ff810275000 	C:\Windows\SYSTEM32\profapi.dll
0x00007ff80e230000 - 0x00007ff80e2e2000 	C:\Windows\SYSTEM32\SHCORE.dll
0x00007ff812d90000 - 0x00007ff812dc6000 	C:\Windows\system32\IMM32.DLL
0x00007ff812760000 - 0x00007ff8128b1000 	C:\Windows\system32\MSCTF.dll
0x00007ff80dc60000 - 0x00007ff80dedb000 	C:\Windows\WinSxS\amd64_microsoft.windows.common-controls_6595b64144ccf1df_6.0.9600.18006_none_623f33d3ecbe86e8\COMCTL32.dll
0x00007ff810030000 - 0x00007ff81011a000 	C:\Windows\system32\guard64.dll
0x00007ff810020000 - 0x00007ff81002a000 	C:\Windows\system32\version.dll
0x00007ff810010000 - 0x00007ff81001a000 	C:\Windows\system32\fltlib.dll
0x0000000063e80000 - 0x0000000063f52000 	C:\Program Files\Java\jdk1.8.0_101\jre\bin\msvcr100.dll
0x00000000635e0000 - 0x0000000063e7a000 	C:\Program Files\Java\jdk1.8.0_101\jre\bin\server\jvm.dll
0x00007ffff5460000 - 0x00007ffff5469000 	C:\Windows\SYSTEM32\WSOCK32.dll
0x00007ff807c60000 - 0x00007ff807c82000 	C:\Windows\SYSTEM32\WINMM.dll
0x00007ff810b60000 - 0x00007ff810b67000 	C:\Windows\system32\PSAPI.DLL
0x00007ff810b70000 - 0x00007ff810bca000 	C:\Windows\system32\WS2_32.dll
0x00007ff806fd0000 - 0x00007ff806ffa000 	C:\Windows\SYSTEM32\WINMMBASE.dll
0x00007ff810d50000 - 0x00007ff810d59000 	C:\Windows\system32\NSI.dll
0x00007ff810600000 - 0x00007ff81064f000 	C:\Windows\SYSTEM32\cfgmgr32.dll
0x00007ff80ef20000 - 0x00007ff80ef48000 	C:\Windows\SYSTEM32\DEVOBJ.dll
0x00000000635d0000 - 0x00000000635df000 	C:\Program Files\Java\jdk1.8.0_101\jre\bin\verify.dll
0x00000000635a0000 - 0x00000000635c9000 	C:\Program Files\Java\jdk1.8.0_101\jre\bin\java.dll
0x0000000063580000 - 0x0000000063596000 	C:\Program Files\Java\jdk1.8.0_101\jre\bin\zip.dll
0x0000000063560000 - 0x000000006357a000 	C:\Program Files\Java\jdk1.8.0_101\jre\bin\net.dll
0x00007ff80fa50000 - 0x00007ff80faa9000 	C:\Windows\system32\mswsock.dll
0x0000000063540000 - 0x0000000063551000 	C:\Program Files\Java\jdk1.8.0_101\jre\bin\nio.dll
0x00007ff805bb0000 - 0x00007ff805bce000 	C:\Users\Kuba\.gradle\native\25\windows-amd64\native-platform.dll
0x00007ff80fab0000 - 0x00007ff80fad0000 	C:\Windows\SYSTEM32\CRYPTSP.dll
0x00007ff80f680000 - 0x00007ff80f6b6000 	C:\Windows\system32\rsaenh.dll
0x00007ff80fd00000 - 0x00007ff80fd26000 	C:\Windows\SYSTEM32\bcrypt.dll
0x00007ff810130000 - 0x00007ff810193000 	C:\Windows\system32\bcryptprimitives.dll
0x00007ff8101a0000 - 0x00007ff8101ab000 	C:\Windows\SYSTEM32\CRYPTBASE.dll
0x00007ff80b2e0000 - 0x00007ff80b30a000 	C:\Windows\SYSTEM32\IPHLPAPI.DLL
0x00007ff80b2c0000 - 0x00007ff80b2ca000 	C:\Windows\SYSTEM32\WINNSI.DLL
0x00007ff80b1c0000 - 0x00007ff80b1d6000 	C:\Windows\SYSTEM32\dhcpcsvc6.DLL
0x00007ff80b1a0000 - 0x00007ff80b1ba000 	C:\Windows\SYSTEM32\dhcpcsvc.DLL
0x0000000063530000 - 0x000000006353d000 	C:\Program Files\Java\jdk1.8.0_101\jre\bin\management.dll
0x00007ff807070000 - 0x00007ff8071f9000 	C:\Windows\SYSTEM32\dbghelp.dll

VM Arguments:
jvm_args: -XX:MaxPermSize=256m -XX:+HeapDumpOnOutOfMemoryError -Xmx1024m -Dfile.encoding=windows-1250 -Duser.country=PL -Duser.language=pl -Duser.variant 
java_command: org.gradle.launcher.daemon.bootstrap.GradleDaemon 4.0
java_class_path (initial): C:\Users\Kuba\.gradle\wrapper\dists\gradle-4.0-bin\3p92xsbhik5vmig8i90n16yxc\gradle-4.0\lib\gradle-launcher-4.0.jar
Launcher Type: SUN_STANDARD

Environment Variables:
PATH=C:\Program Files (x86)\Common Files\Oracle\Java\javapath;C:\Program Files\Haskell\bin;C:\Program Files\Haskell Platform\8.2.1\lib\extralibs\bin;C:\Program Files\Haskell Platform\8.2.1\bin;C:\ProgramData\Oracle\Java\javapath;C:\Program Files (x86)\NVIDIA Corporation\PhysX\Common;C:\Program Files (x86)\Intel\iCLS Client\;C:\Program Files\Intel\iCLS Client\;C:\Windows\system32;C:\Windows;C:\Windows\System32\Wbem;C:\Windows\System32\WindowsPowerShell\v1.0\;C:\Program Files\Intel\Intel(R) Management Engine Components\DAL;C:\Program Files\Intel\Intel(R) Management Engine Components\IPT;C:\Program Files (x86)\Intel\Intel(R) Management Engine Components\DAL;C:\Program Files (x86)\Intel\Intel(R) Management Engine Components\IPT;C:\Users\Kuba\Desktop\lab1\bin\;C:\Program Files (x86)\Microsoft SQL Server\Client SDK\ODBC\130\Tools\Binn\;C:\Program Files (x86)\Microsoft SQL Server\140\Tools\Binn\;C:\Program Files (x86)\Microsoft SQL Server\140\DTS\Binn\;C:\Program Files (x86)\Microsoft SQL Server\140\Tools\Binn\ManagementStudio\;C:\Program Files\Haskell Platform\8.2.1\mingw\bin;C:\Program Files\erl9.2\bin;C:\Program Files (x86)\Elixir\bin;C:\Windows\system32\config\systemprofile\.mix\escripts;C:\Program Files\nodejs\;C:\Users\Kuba\AppData\Local\Programs\Python\Python36\Scripts\;C:\Users\Kuba\AppData\Local\Programs\Python\Python36\;C:\Users\Kuba\AppData\Roaming\cabal\bin;C:\Users\Kuba\AppData\Roaming\local\bin;C:\Program Files\Java\jdk1.8.0_101\bin;C:\Users\Kuba\AppData\Local\atom\bin;C:\Users\Kuba\AppData\Roaming\npm
USERNAME=Kuba
OS=Windows_NT
PROCESSOR_IDENTIFIER=Intel64 Family 6 Model 69 Stepping 1, GenuineIntel



---------------  S Y S T E M  ---------------

OS: Windows 8.1 , 64 bit Build 9600 (6.3.9600.17415)

CPU:total 4 (2 cores per cpu, 2 threads per core) family 6 model 69 stepping 1, cmov, cx8, fxsr, mmx, sse, sse2, sse3, ssse3, sse4.1, sse4.2, popcnt, avx, avx2, aes, clmul, erms, lzcnt, ht, tsc, tscinvbit, bmi1, bmi2

Memory: 4k page, physical 8269048k(4943772k free), swap 16657680k(12752888k free)

vm_info: Java HotSpot(TM) 64-Bit Server VM (25.101-b13) for windows-amd64 JRE (1.8.0_101-b13), built on Jun 22 2016 01:21:29 by "java_re" with MS VC++ 10.0 (VS2010)

time: Mon Jan 07 21:32:12 2019
elapsed time: 8 seconds (0d 0h 0m 8s)

